{"name": "test_open_ui_elements", "status": "broken", "statusDetails": {"message": "selenium.common.exceptions.TimeoutException: Message: \nStacktrace:\nNoSuchElementError: An element could not be located on the page using the given search parameters.\n    at XCUITestDriver.doNativeFind (/nix/store/jgs9a0c0gkz197b7nwvb4ckr2ic8d60n-appium-2.0.0/packages/appium/xcuitest/4.12.2/node_modules/appium-xcuitest-driver/lib/commands/find.js:129:11)\n    at runMicrotasks (<anonymous>)\n    at processTicksAndRejections (internal/process/task_queues.js:95:5)\n    at XCUITestDriver.findNativeElementOrElements (/nix/store/jgs9a0c0gkz197b7nwvb4ckr2ic8d60n-appium-2.0.0/packages/appium/xcuitest/4.12.2/node_modules/appium-xcuitest-driver/lib/commands/find.js:89:10)\n    at XCUITestDriver.findElOrEls (/nix/store/jgs9a0c0gkz197b7nwvb4ckr2ic8d60n-appium-2.0.0/packages/appium/xcuitest/4.12.2/node_modules/appium-xcuitest-driver/lib/commands/find.js:22:12)\n    at XCUITestDriver.findElOrElsWithProcessing (/nix/store/jgs9a0c0gkz197b7nwvb4ckr2ic8d60n-appium-2.0.0/packages/appium/xcuitest/4.12.2/node_modules/appium/node_modules/@appium/base-driver/lib/basedriver/commands/find.js:80:16)\n    at XCUITestDriver.findElement (/nix/store/jgs9a0c0gkz197b7nwvb4ckr2ic8d60n-appium-2.0.0/packages/appium/xcuitest/4.12.2/node_modules/appium/node_modules/@appium/base-driver/lib/basedriver/commands/find.js:21:14)", "trace": "driver = <selenium.webdriver.remote.webdriver.WebDriver (session=\"32766fba42fb4a8190a22ca3c617d61668dfdb36\")>\n\n    @pytest.mark.smoke\n    def test_open_ui_elements(driver):\n        sp = SamplePage(driver)\n        sp.wait_for_app()\n        sp.open_ui_elements()\n    \n        # wait for 'Text Button' to be present using AppiumBy\n        wait = WebDriverWait(driver, 15)\n>       el = wait.until(EC.presence_of_element_located((AppiumBy.NAME, \"Text Button\")))\n\ntests\\test_ui_elements.py:16: \n_ _ _ _ _ _ _ _ _ _ _ _ _ _ _ _ _ _ _ _ _ _ _ _ _ _ _ _ _ _ _ _ _ _ _ _ _ _ _ _ _ _ _ _ _ _ _ _ _ _ _ _ _ _ _ _ _ _ _ _\n\nself = <selenium.webdriver.support.wait.WebDriverWait (session=\"32766fba42fb4a8190a22ca3c617d61668dfdb36\")>\nmethod = <function presence_of_element_located.<locals>._predicate at 0x0000022AEC67D9E0>, message = ''\n\n    def until(self, method: Callable[[D], Union[Literal[False], T]], message: str = \"\") -> T:\n        \"\"\"Wait until the method returns a value that is not False.\n    \n        Calls the method provided with the driver as an argument until the\n        return value does not evaluate to ``False``.\n    \n        Parameters:\n        -----------\n        method: callable(WebDriver)\n            - A callable object that takes a WebDriver instance as an argument.\n    \n        message: str\n            - Optional message for :exc:`TimeoutException`\n    \n        Return:\n        -------\n        object: T\n            - The result of the last call to `method`\n    \n        Raises:\n        -------\n        TimeoutException\n            - If 'method' does not return a truthy value within the WebDriverWait\n            object's timeout\n    \n        Example:\n        --------\n        >>> from selenium.webdriver.common.by import By\n        >>> from selenium.webdriver.support.ui import WebDriverWait\n        >>> from selenium.webdriver.support import expected_conditions as EC\n    \n        # Wait until an element is visible on the page\n        >>> wait = WebDriverWait(driver, 10)\n        >>> element = wait.until(EC.visibility_of_element_located((By.ID, \"exampleId\")))\n        >>> print(element.text)\n        \"\"\"\n        screen = None\n        stacktrace = None\n    \n        end_time = time.monotonic() + self._timeout\n        while True:\n            try:\n                value = method(self._driver)\n                if value:\n                    return value\n            except self._ignored_exceptions as exc:\n                screen = getattr(exc, \"screen\", None)\n                stacktrace = getattr(exc, \"stacktrace\", None)\n            if time.monotonic() > end_time:\n                break\n            time.sleep(self._poll)\n>       raise TimeoutException(message, screen, stacktrace)\nE       selenium.common.exceptions.TimeoutException: Message: \nE       Stacktrace:\nE       NoSuchElementError: An element could not be located on the page using the given search parameters.\nE           at XCUITestDriver.doNativeFind (/nix/store/jgs9a0c0gkz197b7nwvb4ckr2ic8d60n-appium-2.0.0/packages/appium/xcuitest/4.12.2/node_modules/appium-xcuitest-driver/lib/commands/find.js:129:11)\nE           at runMicrotasks (<anonymous>)\nE           at processTicksAndRejections (internal/process/task_queues.js:95:5)\nE           at XCUITestDriver.findNativeElementOrElements (/nix/store/jgs9a0c0gkz197b7nwvb4ckr2ic8d60n-appium-2.0.0/packages/appium/xcuitest/4.12.2/node_modules/appium-xcuitest-driver/lib/commands/find.js:89:10)\nE           at XCUITestDriver.findElOrEls (/nix/store/jgs9a0c0gkz197b7nwvb4ckr2ic8d60n-appium-2.0.0/packages/appium/xcuitest/4.12.2/node_modules/appium-xcuitest-driver/lib/commands/find.js:22:12)\nE           at XCUITestDriver.findElOrElsWithProcessing (/nix/store/jgs9a0c0gkz197b7nwvb4ckr2ic8d60n-appium-2.0.0/packages/appium/xcuitest/4.12.2/node_modules/appium/node_modules/@appium/base-driver/lib/basedriver/commands/find.js:80:16)\nE           at XCUITestDriver.findElement (/nix/store/jgs9a0c0gkz197b7nwvb4ckr2ic8d60n-appium-2.0.0/packages/appium/xcuitest/4.12.2/node_modules/appium/node_modules/@appium/base-driver/lib/basedriver/commands/find.js:21:14)\n\nC:\\Users\\db595\\AppData\\Local\\Programs\\Python\\Python313\\Lib\\site-packages\\selenium\\webdriver\\support\\wait.py:138: TimeoutException"}, "start": 1758019500861, "stop": 1758019521116, "uuid": "b1e385d7-75c5-4c4f-a30e-294d04430f67", "historyId": "177c9d87a35fea450df318be7939179f", "testCaseId": "48d9fea0d1c61f305fbd90eeafe386bf", "fullName": "tests.test_ui_elements#test_open_ui_elements", "labels": [{"name": "tag", "value": "smoke"}, {"name": "parentSuite", "value": "tests"}, {"name": "suite", "value": "test_ui_elements"}, {"name": "host", "value": "DB-L-174"}, {"name": "thread", "value": "10440-MainThread"}, {"name": "framework", "value": "pytest"}, {"name": "language", "value": "cpython3"}, {"name": "package", "value": "tests.test_ui_elements"}]}