{"name": "test_add_product_to_cart_and_verify", "status": "failed", "statusDetails": {"message": "AssertionError: No items found in the cart\nassert []", "trace": "driver = <appium.webdriver.webdriver.WebDriver (session=\"ab4761b4664cf660022b57ad6650813e1f4bd33b\")>\n\n    def test_add_product_to_cart_and_verify(driver):\n        login(driver)\n        pp = ProductsPage(driver)\n        pp.wait_for_products()\n        titles = pp.get_all_product_titles()\n        assert titles, \"No products found\"\n    \n        # Add the first product (by button, more reliable)\n        first_product = titles[0]\n        pp.add_first_product_to_cart()\n    \n        cart = CartPage(driver)\n        cart.open_cart()\n        items = cart.get_cart_items()\n    \n        # âœ… Robust: ensure cart has at least 1 product\n>       assert items, \"No items found in the cart\"\nE       AssertionError: No items found in the cart\nE       assert []\n\ntests\\test_products_cart_sorting.py:61: AssertionError"}, "start": 1757956630653, "stop": 1757956740072, "uuid": "110a3bbe-a59d-4b78-bd27-bbe4508e91e9", "historyId": "e5d413b2ccde8642689c0311edb46233", "testCaseId": "b641a45bd3f62d94ae6a9f8c46cf4218", "fullName": "tests.test_products_cart_sorting#test_add_product_to_cart_and_verify", "labels": [{"name": "parentSuite", "value": "tests"}, {"name": "suite", "value": "test_products_cart_sorting"}, {"name": "host", "value": "DB-L-174"}, {"name": "thread", "value": "20328-MainThread"}, {"name": "framework", "value": "pytest"}, {"name": "language", "value": "cpython3"}, {"name": "package", "value": "tests.test_products_cart_sorting"}]}