{"name": "test_sorting_by_price", "status": "broken", "statusDetails": {"message": "selenium.common.exceptions.TimeoutException: Message: \nStacktrace:\nNoSuchElementError: An element could not be located on the page using the given search parameters.\n    at XCUITestDriver.doNativeFind (/nix/store/39s54xadw4yvpshay6801l3ba94fd1pr-appium-1.21.0/node_modules/appium-xcuitest-driver/lib/commands/find.js:130:11)\n    at runMicrotasks (<anonymous>)\n    at processTicksAndRejections (internal/process/task_queues.js:95:5)\n    at XCUITestDriver.findNativeElementOrElements (/nix/store/39s54xadw4yvpshay6801l3ba94fd1pr-appium-1.21.0/node_modules/appium-xcuitest-driver/lib/commands/find.js:90:10)\n    at XCUITestDriver.findElOrEls (/nix/store/39s54xadw4yvpshay6801l3ba94fd1pr-appium-1.21.0/node_modules/appium-xcuitest-driver/lib/commands/find.js:23:12)\n    at XCUITestDriver.findElOrElsWithProcessing (/nix/store/39s54xadw4yvpshay6801l3ba94fd1pr-appium-1.21.0/node_modules/appium-base-driver/lib/basedriver/commands/find.js:33:12)\n    at XCUITestDriver.findElement (/nix/store/39s54xadw4yvpshay6801l3ba94fd1pr-appium-1.21.0/node_modules/appium-base-driver/lib/basedriver/commands/find.js:53:10)", "trace": "driver = <appium.webdriver.webdriver.WebDriver (session=\"f15f764080032a2728ff23918d9d1f23dc16d4b0\")>, user = 'standard_user', passwd = 'secret_sauce', timeout = 12\n\n    def login(driver, user=VALID_USER, passwd=VALID_PASS, timeout=12):\n        \"\"\"Login using the app's login page (accessibility ids: test-Username, test-Password, test-LOGIN).\"\"\"\n        # Wait for username field (robust: try multiple locators)\n        try:\n>           WebDriverWait(driver, timeout).until(\n                EC.presence_of_element_located((AppiumBy.ACCESSIBILITY_ID, \"test-Username\"))\n            )\n\ntests\\test_products_cart_sorting.py:17: \n_ _ _ _ _ _ _ _ _ _ _ _ _ _ _ _ _ _ _ _ _ _ _ _ _ _ _ _ _ _ _ _ _ _ _ _ _ _ _ _ _ _ _ _ _ _ _ _ _ _ _ _ _ _ _ _ _ _ _ _ _ _ _ _ _ _ _ _ _ _ _ _ _ _ _ _ _ _ _ _ _ _ _ _ _ _ _ _ _ _ _ _ _ _ \n\nself = <selenium.webdriver.support.wait.WebDriverWait (session=\"f15f764080032a2728ff23918d9d1f23dc16d4b0\")>\nmethod = <function presence_of_element_located.<locals>._predicate at 0x000002A0473BF100>, message = ''\n\n    def until(self, method: Callable[[D], Union[Literal[False], T]], message: str = \"\") -> T:\n        \"\"\"Wait until the method returns a value that is not False.\n    \n        Calls the method provided with the driver as an argument until the\n        return value does not evaluate to ``False``.\n    \n        Parameters:\n        -----------\n        method: callable(WebDriver)\n            - A callable object that takes a WebDriver instance as an argument.\n    \n        message: str\n            - Optional message for :exc:`TimeoutException`\n    \n        Return:\n        -------\n        object: T\n            - The result of the last call to `method`\n    \n        Raises:\n        -------\n        TimeoutException\n            - If 'method' does not return a truthy value within the WebDriverWait\n            object's timeout\n    \n        Example:\n        --------\n        >>> from selenium.webdriver.common.by import By\n        >>> from selenium.webdriver.support.ui import WebDriverWait\n        >>> from selenium.webdriver.support import expected_conditions as EC\n    \n        # Wait until an element is visible on the page\n        >>> wait = WebDriverWait(driver, 10)\n        >>> element = wait.until(EC.visibility_of_element_located((By.ID, \"exampleId\")))\n        >>> print(element.text)\n        \"\"\"\n        screen = None\n        stacktrace = None\n    \n        end_time = time.monotonic() + self._timeout\n        while True:\n            try:\n                value = method(self._driver)\n                if value:\n                    return value\n            except self._ignored_exceptions as exc:\n                screen = getattr(exc, \"screen\", None)\n                stacktrace = getattr(exc, \"stacktrace\", None)\n            if time.monotonic() > end_time:\n                break\n            time.sleep(self._poll)\n>       raise TimeoutException(message, screen, stacktrace)\nE       selenium.common.exceptions.TimeoutException: Message: \nE       Stacktrace:\nE       NoSuchElementError: An element could not be located on the page using the given search parameters.\nE           at XCUITestDriver.doNativeFind (/nix/store/39s54xadw4yvpshay6801l3ba94fd1pr-appium-1.21.0/node_modules/appium-xcuitest-driver/lib/commands/find.js:130:11)\nE           at runMicrotasks (<anonymous>)\nE           at processTicksAndRejections (internal/process/task_queues.js:95:5)\nE           at XCUITestDriver.findNativeElementOrElements (/nix/store/39s54xadw4yvpshay6801l3ba94fd1pr-appium-1.21.0/node_modules/appium-xcuitest-driver/lib/commands/find.js:90:10)\nE           at XCUITestDriver.findElOrEls (/nix/store/39s54xadw4yvpshay6801l3ba94fd1pr-appium-1.21.0/node_modules/appium-xcuitest-driver/lib/commands/find.js:23:12)\nE           at XCUITestDriver.findElOrElsWithProcessing (/nix/store/39s54xadw4yvpshay6801l3ba94fd1pr-appium-1.21.0/node_modules/appium-base-driver/lib/basedriver/commands/find.js:33:12)\nE           at XCUITestDriver.findElement (/nix/store/39s54xadw4yvpshay6801l3ba94fd1pr-appium-1.21.0/node_modules/appium-base-driver/lib/basedriver/commands/find.js:53:10)\n\nC:\\Users\\db595\\AppData\\Local\\Programs\\Python\\Python313\\Lib\\site-packages\\selenium\\webdriver\\support\\wait.py:138: TimeoutException\n\nDuring handling of the above exception, another exception occurred:\n\ndriver = <appium.webdriver.webdriver.WebDriver (session=\"f15f764080032a2728ff23918d9d1f23dc16d4b0\")>\n\n    def test_sorting_by_price(driver):\n        \"\"\"Verify sort-by-price (low->high) works — robust multi-fallback approach with helpful debug output.\"\"\"\n>       login(driver)\n\ntests\\test_products_cart_sorting.py:253: \n_ _ _ _ _ _ _ _ _ _ _ _ _ _ _ _ _ _ _ _ _ _ _ _ _ _ _ _ _ _ _ _ _ _ _ _ _ _ _ _ _ _ _ _ _ _ _ _ _ _ _ _ _ _ _ _ _ _ _ _ _ _ _ _ _ _ _ _ _ _ _ _ _ _ _ _ _ _ _ _ _ _ _ _ _ _ _ _ _ _ _ _ _ _ \ntests\\test_products_cart_sorting.py:22: in login\n    WebDriverWait(driver, timeout).until(\n_ _ _ _ _ _ _ _ _ _ _ _ _ _ _ _ _ _ _ _ _ _ _ _ _ _ _ _ _ _ _ _ _ _ _ _ _ _ _ _ _ _ _ _ _ _ _ _ _ _ _ _ _ _ _ _ _ _ _ _ _ _ _ _ _ _ _ _ _ _ _ _ _ _ _ _ _ _ _ _ _ _ _ _ _ _ _ _ _ _ _ _ _ _ \n\nself = <selenium.webdriver.support.wait.WebDriverWait (session=\"f15f764080032a2728ff23918d9d1f23dc16d4b0\")>\nmethod = <function presence_of_element_located.<locals>._predicate at 0x000002A0473BE480>, message = ''\n\n    def until(self, method: Callable[[D], Union[Literal[False], T]], message: str = \"\") -> T:\n        \"\"\"Wait until the method returns a value that is not False.\n    \n        Calls the method provided with the driver as an argument until the\n        return value does not evaluate to ``False``.\n    \n        Parameters:\n        -----------\n        method: callable(WebDriver)\n            - A callable object that takes a WebDriver instance as an argument.\n    \n        message: str\n            - Optional message for :exc:`TimeoutException`\n    \n        Return:\n        -------\n        object: T\n            - The result of the last call to `method`\n    \n        Raises:\n        -------\n        TimeoutException\n            - If 'method' does not return a truthy value within the WebDriverWait\n            object's timeout\n    \n        Example:\n        --------\n        >>> from selenium.webdriver.common.by import By\n        >>> from selenium.webdriver.support.ui import WebDriverWait\n        >>> from selenium.webdriver.support import expected_conditions as EC\n    \n        # Wait until an element is visible on the page\n        >>> wait = WebDriverWait(driver, 10)\n        >>> element = wait.until(EC.visibility_of_element_located((By.ID, \"exampleId\")))\n        >>> print(element.text)\n        \"\"\"\n        screen = None\n        stacktrace = None\n    \n        end_time = time.monotonic() + self._timeout\n        while True:\n            try:\n                value = method(self._driver)\n                if value:\n                    return value\n            except self._ignored_exceptions as exc:\n                screen = getattr(exc, \"screen\", None)\n                stacktrace = getattr(exc, \"stacktrace\", None)\n            if time.monotonic() > end_time:\n                break\n            time.sleep(self._poll)\n>       raise TimeoutException(message, screen, stacktrace)\nE       selenium.common.exceptions.TimeoutException: Message: \nE       Stacktrace:\nE       NoSuchElementError: An element could not be located on the page using the given search parameters.\nE           at XCUITestDriver.doNativeFind (/nix/store/39s54xadw4yvpshay6801l3ba94fd1pr-appium-1.21.0/node_modules/appium-xcuitest-driver/lib/commands/find.js:130:11)\nE           at runMicrotasks (<anonymous>)\nE           at processTicksAndRejections (internal/process/task_queues.js:95:5)\nE           at XCUITestDriver.findNativeElementOrElements (/nix/store/39s54xadw4yvpshay6801l3ba94fd1pr-appium-1.21.0/node_modules/appium-xcuitest-driver/lib/commands/find.js:90:10)\nE           at XCUITestDriver.findElOrEls (/nix/store/39s54xadw4yvpshay6801l3ba94fd1pr-appium-1.21.0/node_modules/appium-xcuitest-driver/lib/commands/find.js:23:12)\nE           at XCUITestDriver.findElOrElsWithProcessing (/nix/store/39s54xadw4yvpshay6801l3ba94fd1pr-appium-1.21.0/node_modules/appium-base-driver/lib/basedriver/commands/find.js:33:12)\nE           at XCUITestDriver.findElement (/nix/store/39s54xadw4yvpshay6801l3ba94fd1pr-appium-1.21.0/node_modules/appium-base-driver/lib/basedriver/commands/find.js:53:10)\n\nC:\\Users\\db595\\AppData\\Local\\Programs\\Python\\Python313\\Lib\\site-packages\\selenium\\webdriver\\support\\wait.py:138: TimeoutException"}, "description": "Verify sort-by-price (low->high) works — robust multi-fallback approach with helpful debug output.", "start": 1758032787539, "stop": 1758032812451, "uuid": "00da75dc-64c7-4771-848c-bb32c0d9229c", "historyId": "9a088125d44c350e3ba79d110eea5bb3", "testCaseId": "f53a28c62ea3db8c900cfbc05db17b3d", "fullName": "tests.test_products_cart_sorting#test_sorting_by_price", "labels": [{"name": "parentSuite", "value": "tests"}, {"name": "suite", "value": "test_products_cart_sorting"}, {"name": "host", "value": "DB-L-174"}, {"name": "thread", "value": "19364-MainThread"}, {"name": "framework", "value": "pytest"}, {"name": "language", "value": "cpython3"}, {"name": "package", "value": "tests.test_products_cart_sorting"}]}