{"name": "test_add_product_to_cart_and_verify", "status": "failed", "statusDetails": {"message": "AssertionError: Terms of Service | Privacy Policy not found in cart items: []\nassert False\n +  where False = any(<generator object test_add_product_to_cart_and_verify.<locals>.<genexpr> at 0x00000119CE6E18A0>)", "trace": "driver = <appium.webdriver.webdriver.WebDriver (session=\"19f54d20a0d021c3332bc2cc295ca8b2c8f4c2be\")>\n\n    def test_add_product_to_cart_and_verify(driver):\n        login(driver)\n        pp = ProductsPage(driver)\n        pp.wait_for_products()\n        titles = pp.get_all_product_titles()\n        assert titles, \"No products found\"\n    \n        product_name = titles[0]\n        pp.add_product_to_cart(product_name)\n    \n        cart = CartPage(driver)\n        cart.open_cart()\n        items = cart.get_cart_items()\n        # expect product_name contained in at least one cart item text\n>       assert any(product_name in it for it in items), f\"{product_name} not found in cart items: {items}\"\nE       AssertionError: Terms of Service | Privacy Policy not found in cart items: []\nE       assert False\nE        +  where False = any(<generator object test_add_product_to_cart_and_verify.<locals>.<genexpr> at 0x00000119CE6E18A0>)\n\ntests\\test_products_cart_sorting.py:50: AssertionError"}, "start": 1757948886760, "stop": 1757949029743, "uuid": "8bbd18ef-67c6-4da7-a822-78b5efe24f1d", "historyId": "e5d413b2ccde8642689c0311edb46233", "testCaseId": "b641a45bd3f62d94ae6a9f8c46cf4218", "fullName": "tests.test_products_cart_sorting#test_add_product_to_cart_and_verify", "labels": [{"name": "parentSuite", "value": "tests"}, {"name": "suite", "value": "test_products_cart_sorting"}, {"name": "host", "value": "DB-L-174"}, {"name": "thread", "value": "13944-MainThread"}, {"name": "framework", "value": "pytest"}, {"name": "language", "value": "cpython3"}, {"name": "package", "value": "tests.test_products_cart_sorting"}]}