{"name": "test_add_product_to_cart_and_verify", "status": "failed", "statusDetails": {"message": "AssertionError: No items found in the cart after adding. If this persists, dump the cart page for inspection:\n  \n  python tests/dump_cart_page.py\n  python tests/parse_pagesource.py artifacts/pagesource_cart.xml\n  \n  Then paste the parse output here so I can pin exact cart locators.\nassert []", "trace": "driver = <appium.webdriver.webdriver.WebDriver (session=\"72e5e8b9919622db1a3ec27aaaccad54ff815493\")>\n\n    def test_add_product_to_cart_and_verify(driver):\n        login(driver)\n        pp = ProductsPage(driver)\n        pp.wait_for_products()\n        titles = pp.get_all_product_titles()\n        print(f\"[DEBUG] Product titles available: {titles}\")\n        assert titles, \"No products found\"\n    \n        # click first add button and get best-effort product name\n        first_product = pp.add_first_product_to_cart()\n        print(f\"[DEBUG] Clicked Add-to-Cart for: {first_product}\")\n    \n        # open cart and collect items (cart is source of truth)\n        cart = CartPage(driver)\n        assert cart.open_cart() is True, \"Failed to open cart\"\n    \n        try:\n            items = cart.get_cart_items()\n        except Exception as e:\n            items = []\n            print(f\"[DEBUG] cart.get_cart_items() raised: {e}\")\n    \n        print(f\"[DEBUG] Cart items collected: {items}\")\n    \n        # Primary assert: cart should have at least one item\n>       assert items, (\n            \"No items found in the cart after adding. If this persists, dump the cart page for inspection:\\n\\n\"\n            \"python tests/dump_cart_page.py\\n\"\n            \"python tests/parse_pagesource.py artifacts/pagesource_cart.xml\\n\\n\"\n            \"Then paste the parse output here so I can pin exact cart locators.\"\n        )\nE       AssertionError: No items found in the cart after adding. If this persists, dump the cart page for inspection:\nE         \nE         python tests/dump_cart_page.py\nE         python tests/parse_pagesource.py artifacts/pagesource_cart.xml\nE         \nE         Then paste the parse output here so I can pin exact cart locators.\nE       assert []\n\ntests\\test_products_cart_sorting.py:71: AssertionError"}, "start": 1758023547340, "stop": 1758023565895, "uuid": "a841bba8-5ab0-40d6-a2a2-292fdfdb8a0f", "historyId": "e5d413b2ccde8642689c0311edb46233", "testCaseId": "b641a45bd3f62d94ae6a9f8c46cf4218", "fullName": "tests.test_products_cart_sorting#test_add_product_to_cart_and_verify", "labels": [{"name": "parentSuite", "value": "tests"}, {"name": "suite", "value": "test_products_cart_sorting"}, {"name": "host", "value": "DB-L-174"}, {"name": "thread", "value": "18188-MainThread"}, {"name": "framework", "value": "pytest"}, {"name": "language", "value": "cpython3"}, {"name": "package", "value": "tests.test_products_cart_sorting"}]}