{"name": "test_add_product_to_cart_and_verify", "status": "failed", "statusDetails": {"message": "AssertionError: Add-to-cart did not change to REMOVE (add may have failed)\nassert []", "trace": "driver = <appium.webdriver.webdriver.WebDriver (session=\"0d27171f5f07659fd535dc5034c54dba85716800\")>\n\n    def test_add_product_to_cart_and_verify(driver):\n        login(driver)\n        pp = ProductsPage(driver)\n        pp.wait_for_products()\n        titles = pp.get_all_product_titles()\n        assert titles, \"No products found\"\n    \n        # click first add button and get best-effort product name\n        first_product = pp.add_first_product_to_cart()\n    \n        # ensure the ADD -> REMOVE change happened (look for REMOVE)\n        remove_elems = driver.find_elements(AppiumBy.IOS_PREDICATE, 'label CONTAINS \"REMOVE\"')\n>       assert remove_elems, \"Add-to-cart did not change to REMOVE (add may have failed)\"\nE       AssertionError: Add-to-cart did not change to REMOVE (add may have failed)\nE       assert []\n\ntests\\test_products_cart_sorting.py:53: AssertionError"}, "start": 1757986828399, "stop": 1757986949488, "uuid": "c0a4bd4d-c19b-453b-850f-8abe5ac63699", "historyId": "e5d413b2ccde8642689c0311edb46233", "testCaseId": "b641a45bd3f62d94ae6a9f8c46cf4218", "fullName": "tests.test_products_cart_sorting#test_add_product_to_cart_and_verify", "labels": [{"name": "parentSuite", "value": "tests"}, {"name": "suite", "value": "test_products_cart_sorting"}, {"name": "host", "value": "DB-L-174"}, {"name": "thread", "value": "21556-MainThread"}, {"name": "framework", "value": "pytest"}, {"name": "language", "value": "cpython3"}, {"name": "package", "value": "tests.test_products_cart_sorting"}]}